<?xml version="1.0" encoding="UTF-8"?>
<!-- Generated by org.testng.reporters.JUnitXMLReporter -->
<testsuite hostname="MacbookPros-MacBook-Pro.local" ignored="0" name="Default test" tests="4" failures="0" timestamp="04 Mar 2017 21:46:10 GMT" time="2.097" errors="0">
  <testcase name="runMessengerSameJavaProcessDefault" time="0.027" classname="com.t360.test.MessengerSocketTest"/>
  <testcase name="runMessengerSameJavaProcessTwoClient" time="0.015" classname="com.t360.test.MessengerSocketTest"/>
  <testcase name="runMessengerSeperateJavaProcessAllParam" time="1.007" classname="com.t360.test.MessengerSocketTest"/>
  <testcase name="runMessengerSeperateJavaProcessAllParamTwoClient" time="1.004" classname="com.t360.test.MessengerSocketTest"/>
</testsuite> <!-- Default test -->
