<?xml version="1.0" encoding="UTF-8"?>
<!-- Generated by org.testng.reporters.JUnitXMLReporter -->
<testsuite hostname="MacbookPros-MacBook-Pro.local" ignored="0" name="Default test" tests="4" failures="0" timestamp="01 Mar 2017 18:25:21 GMT" time="2.105" errors="0">
  <testcase name="runMessengerSameJavaProcessDefault" time="0.035" classname="com.t360.test.MessengerSocketTest"/>
  <testcase name="runMessengerSameJavaProcessTwoClient" time="0.003" classname="com.t360.test.MessengerSocketTest"/>
  <testcase name="runMessengerSeperateJavaProcessAllParam" time="1.008" classname="com.t360.test.MessengerSocketTest"/>
  <testcase name="runMessengerSeperateJavaProcessAllParamTwoClient" time="1.008" classname="com.t360.test.MessengerSocketTest"/>
</testsuite> <!-- Default test -->
