<?xml version="1.0" encoding="UTF-8"?>
<testng-results skipped="0" failed="0" ignored="0" total="4" passed="4">
  <reporter-output>
  </reporter-output>
  <suite name="Default suite" duration-ms="2105" started-at="2017-03-01T18:25:13Z" finished-at="2017-03-01T18:25:16Z">
    <groups>
    </groups>
    <test name="Default test" duration-ms="2105" started-at="2017-03-01T18:25:13Z" finished-at="2017-03-01T18:25:16Z">
      <class name="com.t360.test.MessengerSocketTest">
        <test-method status="PASS" signature="runMessengerSameJavaProcessDefault()[pri:0, instance:com.t360.test.MessengerSocketTest@39fb3ab6]" name="runMessengerSameJavaProcessDefault" duration-ms="35" started-at="2017-03-01T20:25:13Z" finished-at="2017-03-01T20:25:14Z">
          <reporter-output>
          </reporter-output>
        </test-method> <!-- runMessengerSameJavaProcessDefault -->
        <test-method status="PASS" signature="runMessengerSameJavaProcessTwoClient()[pri:0, instance:com.t360.test.MessengerSocketTest@39fb3ab6]" name="runMessengerSameJavaProcessTwoClient" duration-ms="3" started-at="2017-03-01T20:25:14Z" finished-at="2017-03-01T20:25:14Z">
          <reporter-output>
          </reporter-output>
        </test-method> <!-- runMessengerSameJavaProcessTwoClient -->
        <test-method status="PASS" signature="runMessengerSeperateJavaProcessAllParam()[pri:0, instance:com.t360.test.MessengerSocketTest@39fb3ab6]" name="runMessengerSeperateJavaProcessAllParam" duration-ms="1008" started-at="2017-03-01T20:25:14Z" finished-at="2017-03-01T20:25:15Z">
          <reporter-output>
          </reporter-output>
        </test-method> <!-- runMessengerSeperateJavaProcessAllParam -->
        <test-method status="PASS" signature="runMessengerSeperateJavaProcessAllParamTwoClient()[pri:0, instance:com.t360.test.MessengerSocketTest@39fb3ab6]" name="runMessengerSeperateJavaProcessAllParamTwoClient" duration-ms="1008" started-at="2017-03-01T20:25:15Z" finished-at="2017-03-01T20:25:16Z">
          <reporter-output>
          </reporter-output>
        </test-method> <!-- runMessengerSeperateJavaProcessAllParamTwoClient -->
      </class> <!-- com.t360.test.MessengerSocketTest -->
    </test> <!-- Default test -->
  </suite> <!-- Default suite -->
</testng-results>
